Start testing: Jul 10 17:47 EDT
----------------------------------------------------------
1/6 Testing: test_matrix
1/6 Test: test_matrix
Command: "/Users/Chad/dev/animated_algebra/liven/tests/test_matrix"
Directory: /Users/Chad/dev/animated_algebra/liven/tests
"test_matrix" start time: Jul 10 17:47 EDT
Output:
----------------------------------------------------------
<end of output>
Test time =   0.00 sec
----------------------------------------------------------
Test Passed.
"test_matrix" end time: Jul 10 17:47 EDT
"test_matrix" time elapsed: 00:00:00
----------------------------------------------------------

2/6 Testing: test_image
2/6 Test: test_image
Command: "/Users/Chad/dev/animated_algebra/liven/tests/test_image"
Directory: /Users/Chad/dev/animated_algebra/liven/tests
"test_image" start time: Jul 10 17:47 EDT
Output:
----------------------------------------------------------
<end of output>
Test time =   0.00 sec
----------------------------------------------------------
Test Passed.
"test_image" end time: Jul 10 17:47 EDT
"test_image" time elapsed: 00:00:00
----------------------------------------------------------

3/6 Testing: test_graphics
3/6 Test: test_graphics
Command: "/Users/Chad/dev/animated_algebra/liven/tests/test_graphics"
Directory: /Users/Chad/dev/animated_algebra/liven/tests
"test_graphics" start time: Jul 10 17:47 EDT
Output:
----------------------------------------------------------
<end of output>
Test time =   0.01 sec
----------------------------------------------------------
Test Passed.
"test_graphics" end time: Jul 10 17:47 EDT
"test_graphics" time elapsed: 00:00:00
----------------------------------------------------------

4/6 Testing: test_scene
4/6 Test: test_scene
Command: "/Users/Chad/dev/animated_algebra/liven/tests/test_scene"
Directory: /Users/Chad/dev/animated_algebra/liven/tests
"test_scene" start time: Jul 10 17:47 EDT
Output:
----------------------------------------------------------
<end of output>
Test time =   0.01 sec
----------------------------------------------------------
Test Passed.
"test_scene" end time: Jul 10 17:47 EDT
"test_scene" time elapsed: 00:00:00
----------------------------------------------------------

5/6 Testing: test_grid_node
5/6 Test: test_grid_node
Command: "/Users/Chad/dev/animated_algebra/liven/tests/test_grid_node"
Directory: /Users/Chad/dev/animated_algebra/liven/tests
"test_grid_node" start time: Jul 10 17:47 EDT
Output:
----------------------------------------------------------
<end of output>
Test time =   0.01 sec
----------------------------------------------------------
Test Passed.
"test_grid_node" end time: Jul 10 17:47 EDT
"test_grid_node" time elapsed: 00:00:00
----------------------------------------------------------

6/6 Testing: test_ascii_renderer
6/6 Test: test_ascii_renderer
Command: "/Users/Chad/dev/animated_algebra/liven/tests/test_ascii_renderer"
Directory: /Users/Chad/dev/animated_algebra/liven/tests
"test_ascii_renderer" start time: Jul 10 17:47 EDT
Output:
----------------------------------------------------------
<end of output>
Test time =   0.01 sec
----------------------------------------------------------
Test Passed.
"test_ascii_renderer" end time: Jul 10 17:47 EDT
"test_ascii_renderer" time elapsed: 00:00:00
----------------------------------------------------------

End testing: Jul 10 17:47 EDT
